<?xml version="1.0" encoding="UTF-8"?>
<coverage generated="1773427458162" clover="4.5.2">
   <project name="jfreechart-lab3 1.0" timestamp="1773427454975">
      <metrics coveredelements="334" complexity="97" loc="807" methods="32" classes="2" statements="205" packages="1" coveredconditionals="108" coveredmethods="32" elements="363" ncloc="369" files="2" conditionals="126" coveredstatements="194"/>
      <package name="org.jfree.data">
         <metrics coveredelements="334" complexity="97" loc="807" methods="32" classes="2" statements="205" coveredconditionals="108" coveredmethods="32" elements="363" ncloc="369" files="2" conditionals="126" coveredstatements="194"/>
         <file path="/home/bear/projects/seng637-a2-team_12/testSuite/src/main/java/org/jfree/data/DataUtilities.java" name="DataUtilities.java">
            <metrics coveredelements="138" coveredconditionals="45" complexity="40" loc="307" coveredmethods="9" methods="9" elements="166" classes="1" ncloc="152" statements="95" conditionals="62" coveredstatements="84"/>
            <class name="DataUtilities">
               <metrics coveredelements="138" coveredconditionals="45" complexity="40" coveredmethods="9" methods="9" elements="166" statements="95" conditionals="62" coveredstatements="84"/>
            </class>
            <line complexity="6" visibility="public" signature="equal(double[][],double[][]) : boolean" num="74" count="6" type="method"/>
            <line num="75" count="6" type="stmt"/>
            <line falsecount="4" truecount="2" num="75" type="cond"/>
            <line num="76" count="2" type="stmt"/>
            <line num="78" count="4" type="stmt"/>
            <line falsecount="3" truecount="1" num="78" type="cond"/>
            <line num="79" count="1" type="stmt"/>
            <line num="81" count="3" type="stmt"/>
            <line falsecount="2" truecount="1" num="81" type="cond"/>
            <line num="82" count="1" type="stmt"/>
            <line num="84" count="2" type="stmt"/>
            <line falsecount="1" truecount="3" num="84" type="cond"/>
            <line num="85" count="3" type="stmt"/>
            <line falsecount="2" truecount="1" num="85" type="cond"/>
            <line num="86" count="1" type="stmt"/>
            <line num="89" count="1" type="stmt"/>
            <line complexity="3" visibility="public" signature="clone(double[][]) : double[][]" num="101" count="3" type="method"/>
            <line num="102" count="3" type="stmt"/>
            <line num="103" count="2" type="stmt"/>
            <line num="104" count="2" type="stmt"/>
            <line falsecount="2" truecount="4" num="104" type="cond"/>
            <line num="105" count="4" type="stmt"/>
            <line falsecount="1" truecount="3" num="105" type="cond"/>
            <line num="106" count="3" type="stmt"/>
            <line num="107" count="3" type="stmt"/>
            <line num="108" count="3" type="stmt"/>
            <line num="111" count="2" type="stmt"/>
            <line complexity="5" visibility="public" signature="calculateColumnTotal(Values2D,int) : double" num="123" count="7" type="method"/>
            <line num="124" count="7" type="stmt"/>
            <line num="125" count="6" type="stmt"/>
            <line num="126" count="6" type="stmt"/>
            <line num="127" count="6" type="stmt"/>
            <line falsecount="4" truecount="10" num="127" type="cond"/>
            <line num="128" count="10" type="stmt"/>
            <line num="129" count="8" type="stmt"/>
            <line falsecount="2" truecount="6" num="129" type="cond"/>
            <line num="130" count="6" type="stmt"/>
            <line num="133" count="4" type="stmt"/>
            <line falsecount="4" truecount="0" num="133" type="cond"/>
            <line num="134" count="0" type="stmt"/>
            <line num="135" count="0" type="stmt"/>
            <line falsecount="0" truecount="0" num="135" type="cond"/>
            <line num="136" count="0" type="stmt"/>
            <line num="139" count="4" type="stmt"/>
            <line complexity="5" visibility="public" signature="calculateColumnTotal(Values2D,int,int[]) : double" num="154" count="1" type="method"/>
            <line num="156" count="1" type="stmt"/>
            <line num="157" count="1" type="stmt"/>
            <line num="158" count="1" type="stmt"/>
            <line falsecount="1" truecount="0" num="158" type="cond"/>
            <line num="159" count="0" type="stmt"/>
            <line num="162" count="1" type="stmt"/>
            <line num="163" count="1" type="stmt"/>
            <line falsecount="1" truecount="2" num="163" type="cond"/>
            <line num="164" count="2" type="stmt"/>
            <line num="165" count="2" type="stmt"/>
            <line falsecount="0" truecount="2" num="165" type="cond"/>
            <line num="166" count="2" type="stmt"/>
            <line num="167" count="2" type="stmt"/>
            <line falsecount="0" truecount="2" num="167" type="cond"/>
            <line num="168" count="2" type="stmt"/>
            <line num="172" count="1" type="stmt"/>
            <line complexity="5" visibility="public" signature="calculateRowTotal(Values2D,int) : double" num="184" count="7" type="method"/>
            <line num="185" count="7" type="stmt"/>
            <line num="186" count="6" type="stmt"/>
            <line num="187" count="6" type="stmt"/>
            <line num="188" count="6" type="stmt"/>
            <line falsecount="4" truecount="8" num="188" type="cond"/>
            <line num="189" count="8" type="stmt"/>
            <line num="190" count="6" type="stmt"/>
            <line falsecount="2" truecount="4" num="190" type="cond"/>
            <line num="191" count="4" type="stmt"/>
            <line num="194" count="4" type="stmt"/>
            <line falsecount="4" truecount="0" num="194" type="cond"/>
            <line num="195" count="0" type="stmt"/>
            <line num="196" count="0" type="stmt"/>
            <line falsecount="0" truecount="0" num="196" type="cond"/>
            <line num="197" count="0" type="stmt"/>
            <line num="200" count="4" type="stmt"/>
            <line complexity="5" visibility="public" signature="calculateRowTotal(Values2D,int,int[]) : double" num="215" count="1" type="method"/>
            <line num="217" count="1" type="stmt"/>
            <line num="218" count="1" type="stmt"/>
            <line num="219" count="1" type="stmt"/>
            <line num="220" count="1" type="stmt"/>
            <line falsecount="1" truecount="0" num="220" type="cond"/>
            <line num="221" count="0" type="stmt"/>
            <line num="223" count="1" type="stmt"/>
            <line falsecount="1" truecount="2" num="223" type="cond"/>
            <line num="224" count="2" type="stmt"/>
            <line num="225" count="2" type="stmt"/>
            <line falsecount="0" truecount="2" num="225" type="cond"/>
            <line num="226" count="2" type="stmt"/>
            <line num="227" count="2" type="stmt"/>
            <line falsecount="0" truecount="2" num="227" type="cond"/>
            <line num="228" count="2" type="stmt"/>
            <line num="232" count="1" type="stmt"/>
            <line complexity="2" visibility="public" signature="createNumberArray(double[]) : Number[]" num="243" count="8" type="method"/>
            <line num="244" count="8" type="stmt"/>
            <line num="245" count="7" type="stmt"/>
            <line num="246" count="7" type="stmt"/>
            <line falsecount="7" truecount="9" num="246" type="cond"/>
            <line num="247" count="9" type="stmt"/>
            <line num="249" count="7" type="stmt"/>
            <line complexity="2" visibility="public" signature="createNumberArray2D(double[][]) : Number[][]" num="260" count="5" type="method"/>
            <line num="261" count="5" type="stmt"/>
            <line num="262" count="4" type="stmt"/>
            <line num="263" count="4" type="stmt"/>
            <line num="264" count="4" type="stmt"/>
            <line falsecount="4" truecount="4" num="264" type="cond"/>
            <line num="265" count="4" type="stmt"/>
            <line num="267" count="4" type="stmt"/>
            <line complexity="7" visibility="public" signature="getCumulativePercentages(KeyedValues) : KeyedValues" num="280" count="7" type="method"/>
            <line num="281" count="7" type="stmt"/>
            <line num="282" count="6" type="stmt"/>
            <line num="283" count="6" type="stmt"/>
            <line num="284" count="6" type="stmt"/>
            <line falsecount="6" truecount="9" num="284" type="cond"/>
            <line num="285" count="9" type="stmt"/>
            <line num="286" count="9" type="stmt"/>
            <line falsecount="0" truecount="9" num="286" type="cond"/>
            <line num="287" count="9" type="stmt"/>
            <line num="290" count="6" type="stmt"/>
            <line falsecount="6" truecount="0" num="290" type="cond"/>
            <line num="291" count="0" type="stmt"/>
            <line num="292" count="0" type="stmt"/>
            <line falsecount="0" truecount="0" num="292" type="cond"/>
            <line num="293" count="0" type="stmt"/>
            <line num="296" count="6" type="stmt"/>
            <line num="297" count="6" type="stmt"/>
            <line falsecount="6" truecount="9" num="297" type="cond"/>
            <line num="298" count="9" type="stmt"/>
            <line num="299" count="9" type="stmt"/>
            <line falsecount="0" truecount="9" num="299" type="cond"/>
            <line num="300" count="9" type="stmt"/>
            <line num="302" count="9" type="stmt"/>
            <line num="304" count="6" type="stmt"/>
         </file>
         <file path="/home/bear/projects/seng637-a2-team_12/testSuite/src/main/java/org/jfree/data/Range.java" name="Range.java">
            <metrics coveredelements="196" coveredconditionals="63" complexity="57" loc="500" coveredmethods="23" methods="23" elements="197" classes="1" ncloc="217" statements="110" conditionals="64" coveredstatements="110"/>
            <class name="Range">
               <metrics coveredelements="196" coveredconditionals="63" complexity="57" coveredmethods="23" methods="23" elements="197" statements="110" conditionals="64" coveredstatements="110"/>
            </class>
            <line complexity="2" visibility="public" signature="Range(double,double)" num="89" count="147" type="method"/>
            <line num="90" count="147" type="stmt"/>
            <line falsecount="146" truecount="1" num="90" type="cond"/>
            <line num="91" count="1" type="stmt"/>
            <line num="93" count="1" type="stmt"/>
            <line num="95" count="146" type="stmt"/>
            <line num="96" count="146" type="stmt"/>
            <line complexity="2" visibility="public" signature="getLowerBound() : double" num="104" count="53" type="method"/>
            <line num="105" count="53" type="stmt"/>
            <line falsecount="52" truecount="1" num="105" type="cond"/>
            <line num="106" count="1" type="stmt"/>
            <line num="108" count="1" type="stmt"/>
            <line num="110" count="52" type="stmt"/>
            <line complexity="2" visibility="public" signature="getUpperBound() : double" num="118" count="52" type="method"/>
            <line num="119" count="52" type="stmt"/>
            <line falsecount="51" truecount="1" num="119" type="cond"/>
            <line num="120" count="1" type="stmt"/>
            <line num="122" count="1" type="stmt"/>
            <line num="124" count="51" type="stmt"/>
            <line complexity="2" visibility="public" signature="getLength() : double" num="132" count="6" type="method"/>
            <line num="133" count="6" type="stmt"/>
            <line falsecount="5" truecount="1" num="133" type="cond"/>
            <line num="134" count="1" type="stmt"/>
            <line num="136" count="1" type="stmt"/>
            <line num="138" count="5" type="stmt"/>
            <line complexity="1" visibility="public" signature="getCentralValue() : double" num="146" count="1" type="method"/>
            <line num="147" count="1" type="stmt"/>
            <line complexity="3" visibility="public" signature="contains(double) : boolean" num="158" count="8" type="method"/>
            <line num="159" count="8" type="stmt"/>
            <line falsecount="6" truecount="2" num="159" type="cond"/>
            <line num="160" count="2" type="stmt"/>
            <line num="162" count="6" type="stmt"/>
            <line falsecount="4" truecount="2" num="162" type="cond"/>
            <line num="163" count="2" type="stmt"/>
            <line num="165" count="4" type="stmt"/>
            <line complexity="2" visibility="public" signature="intersects(double,double) : boolean" num="177" count="5" type="method"/>
            <line num="179" count="5" type="stmt"/>
            <line falsecount="3" truecount="2" num="179" type="cond"/>
            <line num="180" count="2" type="stmt"/>
            <line num="183" count="3" type="stmt"/>
            <line complexity="1" visibility="public" signature="intersects(Range) : boolean" num="197" count="1" type="method"/>
            <line num="198" count="1" type="stmt"/>
            <line complexity="4" visibility="public" signature="constrain(double) : double" num="209" count="3" type="method"/>
            <line num="210" count="3" type="stmt"/>
            <line num="211" count="3" type="stmt"/>
            <line falsecount="1" truecount="2" num="211" type="cond"/>
            <line num="212" count="2" type="stmt"/>
            <line falsecount="1" truecount="1" num="212" type="cond"/>
            <line num="213" count="1" type="stmt"/>
            <line num="215" count="1" type="stmt"/>
            <line falsecount="0" truecount="1" num="215" type="cond"/>
            <line num="216" count="1" type="stmt"/>
            <line num="219" count="3" type="stmt"/>
            <line complexity="3" visibility="public" signature="combine(Range,Range) : Range" num="238" count="6" type="method"/>
            <line num="239" count="6" type="stmt"/>
            <line falsecount="4" truecount="2" num="239" type="cond"/>
            <line num="240" count="2" type="stmt"/>
            <line num="242" count="4" type="stmt"/>
            <line falsecount="3" truecount="1" num="242" type="cond"/>
            <line num="243" count="1" type="stmt"/>
            <line num="245" count="3" type="stmt"/>
            <line num="246" count="3" type="stmt"/>
            <line num="247" count="3" type="stmt"/>
            <line complexity="8" visibility="public" signature="combineIgnoringNaN(Range,Range) : Range" num="262" count="8" type="method"/>
            <line num="263" count="8" type="stmt"/>
            <line falsecount="6" truecount="2" num="263" type="cond"/>
            <line num="264" count="2" type="stmt"/>
            <line falsecount="1" truecount="1" num="264" type="cond"/>
            <line num="265" count="1" type="stmt"/>
            <line num="267" count="1" type="stmt"/>
            <line num="269" count="6" type="stmt"/>
            <line falsecount="4" truecount="2" num="269" type="cond"/>
            <line num="270" count="2" type="stmt"/>
            <line falsecount="1" truecount="1" num="270" type="cond"/>
            <line num="271" count="1" type="stmt"/>
            <line num="273" count="1" type="stmt"/>
            <line num="275" count="4" type="stmt"/>
            <line num="276" count="4" type="stmt"/>
            <line num="277" count="4" type="stmt"/>
            <line falsecount="3" truecount="1" num="277" type="cond"/>
            <line num="278" count="1" type="stmt"/>
            <line num="280" count="3" type="stmt"/>
            <line complexity="3" visibility="private" signature="min(double,double) : double" num="292" count="4" type="method"/>
            <line num="293" count="4" type="stmt"/>
            <line falsecount="2" truecount="2" num="293" type="cond"/>
            <line num="294" count="2" type="stmt"/>
            <line num="296" count="2" type="stmt"/>
            <line falsecount="1" truecount="1" num="296" type="cond"/>
            <line num="297" count="1" type="stmt"/>
            <line num="299" count="1" type="stmt"/>
            <line complexity="3" visibility="private" signature="max(double,double) : double" num="302" count="4" type="method"/>
            <line num="303" count="4" type="stmt"/>
            <line falsecount="2" truecount="2" num="303" type="cond"/>
            <line num="304" count="2" type="stmt"/>
            <line num="306" count="2" type="stmt"/>
            <line falsecount="1" truecount="1" num="306" type="cond"/>
            <line num="307" count="1" type="stmt"/>
            <line num="309" count="1" type="stmt"/>
            <line complexity="4" visibility="public" signature="expandToInclude(Range,double) : Range" num="323" count="4" type="method"/>
            <line num="324" count="4" type="stmt"/>
            <line falsecount="3" truecount="1" num="324" type="cond"/>
            <line num="325" count="1" type="stmt"/>
            <line num="327" count="3" type="stmt"/>
            <line falsecount="2" truecount="1" num="327" type="cond"/>
            <line num="328" count="1" type="stmt"/>
            <line num="330" count="2" type="stmt"/>
            <line falsecount="1" truecount="1" num="330" type="cond"/>
            <line num="331" count="1" type="stmt"/>
            <line num="334" count="1" type="stmt"/>
            <line complexity="2" visibility="public" signature="expand(Range,double,double) : Range" num="349" count="2" type="method"/>
            <line num="351" count="2" type="stmt"/>
            <line num="352" count="2" type="stmt"/>
            <line num="353" count="2" type="stmt"/>
            <line num="354" count="2" type="stmt"/>
            <line num="355" count="2" type="stmt"/>
            <line falsecount="1" truecount="1" num="355" type="cond"/>
            <line num="356" count="1" type="stmt"/>
            <line num="357" count="1" type="stmt"/>
            <line num="359" count="2" type="stmt"/>
            <line complexity="1" visibility="public" signature="shift(Range,double) : Range" num="370" count="2" type="method"/>
            <line num="371" count="2" type="stmt"/>
            <line complexity="2" visibility="public" signature="shift(Range,double,boolean) : Range" num="385" count="8" type="method"/>
            <line num="387" count="8" type="stmt"/>
            <line num="388" count="7" type="stmt"/>
            <line falsecount="3" truecount="4" num="388" type="cond"/>
            <line num="389" count="4" type="stmt"/>
            <line num="393" count="3" type="stmt"/>
            <line complexity="3" visibility="private" signature="shiftWithNoZeroCrossing(double,double) : double" num="408" count="6" type="method"/>
            <line num="409" count="6" type="stmt"/>
            <line falsecount="3" truecount="3" num="409" type="cond"/>
            <line num="410" count="3" type="stmt"/>
            <line num="412" count="3" type="stmt"/>
            <line falsecount="2" truecount="1" num="412" type="cond"/>
            <line num="413" count="1" type="stmt"/>
            <line num="416" count="2" type="stmt"/>
            <line complexity="2" visibility="public" signature="scale(Range,double) : Range" num="430" count="2" type="method"/>
            <line num="431" count="2" type="stmt"/>
            <line num="432" count="2" type="stmt"/>
            <line falsecount="1" truecount="1" num="432" type="cond"/>
            <line num="433" count="1" type="stmt"/>
            <line num="435" count="1" type="stmt"/>
            <line complexity="4" visibility="public" signature="equals(Object) : boolean" num="446" count="7" type="method"/>
            <line num="448" count="7" type="stmt"/>
            <line falsecount="6" truecount="1" num="448" type="cond"/>
            <line num="449" count="1" type="stmt"/>
            <line num="451" count="6" type="stmt"/>
            <line num="452" count="6" type="stmt"/>
            <line falsecount="5" truecount="1" num="452" type="cond"/>
            <line num="453" count="1" type="stmt"/>
            <line num="455" count="5" type="stmt"/>
            <line falsecount="4" truecount="1" num="455" type="cond"/>
            <line num="456" count="1" type="stmt"/>
            <line num="458" count="4" type="stmt"/>
            <line complexity="1" visibility="public" signature="isNaNRange() : boolean" num="469" count="7" type="method"/>
            <line num="470" count="7" type="stmt"/>
            <line complexity="1" visibility="public" signature="hashCode() : int" num="478" count="1" type="method"/>
            <line num="480" count="1" type="stmt"/>
            <line num="481" count="1" type="stmt"/>
            <line num="482" count="1" type="stmt"/>
            <line num="483" count="1" type="stmt"/>
            <line num="484" count="1" type="stmt"/>
            <line num="485" count="1" type="stmt"/>
            <line num="486" count="1" type="stmt"/>
            <line complexity="1" visibility="public" signature="toString() : String" num="495" count="3" type="method"/>
            <line num="497" count="3" type="stmt"/>
         </file>
      </package>
   </project>
   <testproject name="jfreechart-lab3 1.0" timestamp="1773427454975">
      <metrics coveredelements="0" complexity="0" loc="0" methods="0" classes="0" statements="0" packages="0" coveredconditionals="0" coveredmethods="0" elements="0" ncloc="0" files="0" conditionals="0" coveredstatements="0"/>
   </testproject>
</coverage>